<testsuites name="jest tests" tests="3" failures="0" time="2.675">
  <testsuite name="&lt;ScrollToTop/&gt;" errors="0" failures="0" skipped="0" timestamp="2018-05-24T05:46:10" time="0.949" tests="2">
    <testcase classname="&lt;ScrollToTop/&gt; should call changeHandler initially" name="&lt;ScrollToTop/&gt; should call changeHandler initially" time="0.039">
    </testcase>
    <testcase classname="&lt;ScrollToTop/&gt; should call changeHandler on route change" name="&lt;ScrollToTop/&gt; should call changeHandler on route change" time="0.008">
    </testcase>
  </testsuite>
  <testsuite name="renderFormInput" errors="0" failures="0" skipped="0" timestamp="2018-05-24T05:46:11" time="0.273" tests="1">
    <testcase classname="renderFormInput should render error label if invalid" name="renderFormInput should render error label if invalid" time="0.015">
    </testcase>
  </testsuite>
</testsuites>