<testsuites name="jest tests" tests="28" failures="0" time="3.063">
  <testsuite name="Select" errors="0" failures="0" skipped="0" timestamp="2018-05-24T05:47:27" time="0.787" tests="5">
    <testcase classname="Select renders props when passed in" name="Select renders props when passed in" time="0.007">
    </testcase>
    <testcase classname="Select renders a default label by default" name="Select renders a default label by default" time="0.003">
    </testcase>
    <testcase classname="Select should render options from array of objects" name="Select should render options from array of objects" time="0.001">
    </testcase>
    <testcase classname="Select should insert a divider into the select" name="Select should insert a divider into the select" time="0.001">
    </testcase>
    <testcase classname="Select should use filterOptions prop to exclude options from &lt;Select /&gt;" name="Select should use filterOptions prop to exclude options from &lt;Select /&gt;" time="0.001">
    </testcase>
  </testsuite>
  <testsuite name="FormControl" errors="0" failures="0" skipped="0" timestamp="2018-05-24T05:47:28" time="0.088" tests="5">
    <testcase classname="FormControl should wrap component with label" name="FormControl should wrap component with label" time="0.025">
    </testcase>
    <testcase classname="FormControl should render an error state" name="FormControl should render an error state" time="0.006">
    </testcase>
    <testcase classname="FormControl should be able to tag an error label" name="FormControl should be able to tag an error label" time="0.005">
    </testcase>
    <testcase classname="FormControl should add aria tags for invalid" name="FormControl should add aria tags for invalid" time="0.003">
    </testcase>
    <testcase classname="FormControl should add additional markup to FormControl" name="FormControl should add additional markup to FormControl" time="0.004">
    </testcase>
  </testsuite>
  <testsuite name="Heading" errors="0" failures="0" skipped="0" timestamp="2018-05-24T05:47:28" time="0.06" tests="5">
    <testcase classname="Heading renders children when passed in" name="Heading renders children when passed in" time="0.006">
    </testcase>
    <testcase classname="Heading renders props when passed in" name="Heading renders props when passed in" time="0.001">
    </testcase>
    <testcase classname="Heading renders H1 by default" name="Heading renders H1 by default" time="0">
    </testcase>
    <testcase classname="Heading renders hLevel when passed in" name="Heading renders hLevel when passed in" time="0.001">
    </testcase>
    <testcase classname="Heading renders correctly" name="Heading renders correctly" time="0.008">
    </testcase>
  </testsuite>
  <testsuite name="ErrorLabel" errors="0" failures="0" skipped="0" timestamp="2018-05-24T05:47:29" time="0.032" tests="2">
    <testcase classname="ErrorLabel should tag custom data-selector" name="ErrorLabel should tag custom data-selector" time="0.004">
    </testcase>
    <testcase classname="ErrorLabel renders consistently" name="ErrorLabel renders consistently" time="0.002">
    </testcase>
  </testsuite>
  <testsuite name="Button" errors="0" failures="0" skipped="0" timestamp="2018-05-24T05:47:29" time="0.032" tests="3">
    <testcase classname="Button should render a button and text" name="Button should render a button and text" time="0.002">
    </testcase>
    <testcase classname="Button should assign a click handler" name="Button should assign a click handler" time="0.002">
    </testcase>
    <testcase classname="Button renders the component you specify" name="Button renders the component you specify" time="0">
    </testcase>
  </testsuite>
  <testsuite name="&lt;Input /&gt;" errors="0" failures="0" skipped="0" timestamp="2018-05-24T05:47:29" time="0.032" tests="3">
    <testcase classname="&lt;Input /&gt; renders text input by default" name="&lt;Input /&gt; renders text input by default" time="0.001">
    </testcase>
    <testcase classname="&lt;Input /&gt; should handle keyDown" name="&lt;Input /&gt; should handle keyDown" time="0.002">
    </testcase>
    <testcase classname="&lt;Input /&gt; snapshot test" name="&lt;Input /&gt; snapshot test" time="0.001">
    </testcase>
  </testsuite>
  <testsuite name="&lt;ExternalLink /&gt;" errors="0" failures="0" skipped="0" timestamp="2018-05-24T05:47:29" time="0.028" tests="1">
    <testcase classname="&lt;ExternalLink /&gt; should render target and rel props" name="&lt;ExternalLink /&gt; should render target and rel props" time="0.004">
    </testcase>
  </testsuite>
  <testsuite name="Label" errors="0" failures="0" skipped="0" timestamp="2018-05-24T05:47:29" time="0.02" tests="1">
    <testcase classname="Label renders a label" name="Label renders a label" time="0.002">
    </testcase>
  </testsuite>
  <testsuite name="prpefixer" errors="0" failures="0" skipped="0" timestamp="2018-05-24T05:47:29" time="0.02" tests="2">
    <testcase classname="prpefixer prefixes with no args" name="prpefixer prefixes with no args" time="0.001">
    </testcase>
    <testcase classname="prpefixer should prefix custom label" name="prpefixer should prefix custom label" time="0">
    </testcase>
  </testsuite>
  <testsuite name="&lt;Rhombus/&gt;" errors="0" failures="0" skipped="0" timestamp="2018-05-24T05:47:29" time="0.034" tests="1">
    <testcase classname="&lt;Rhombus/&gt; should render an svg" name="&lt;Rhombus/&gt; should render an svg" time="0.002">
    </testcase>
  </testsuite>
</testsuites>