<testsuites name="jest tests" tests="11" failures="0" time="3.434">
  <testsuite name="gridItemAdapter" errors="0" failures="0" skipped="0" timestamp="2018-05-24T05:46:08" time="1.2" tests="1">
    <testcase classname="gridItemAdapter creates grid item classes" name="gridItemAdapter creates grid item classes" time="0.005">
    </testcase>
  </testsuite>
  <testsuite name="&lt;Layout /&gt;" errors="0" failures="0" skipped="0" timestamp="2018-05-24T05:46:08" time="1.239" tests="3">
    <testcase classname="&lt;Layout /&gt; renders a div by default" name="&lt;Layout /&gt; renders a div by default" time="0.01">
    </testcase>
    <testcase classname="&lt;Layout /&gt; renders a Layout class" name="&lt;Layout /&gt; renders a Layout class" time="0.002">
    </testcase>
    <testcase classname="&lt;Layout /&gt; renders correctly" name="&lt;Layout /&gt; renders correctly" time="0.01">
    </testcase>
  </testsuite>
  <testsuite name="&lt;Wrap /&gt;" errors="0" failures="0" skipped="0" timestamp="2018-05-24T05:46:08" time="1.248" tests="3">
    <testcase classname="&lt;Wrap /&gt; renders a div by default" name="&lt;Wrap /&gt; renders a div by default" time="0.009">
    </testcase>
    <testcase classname="&lt;Wrap /&gt; renders a Wrap class" name="&lt;Wrap /&gt; renders a Wrap class" time="0.002">
    </testcase>
    <testcase classname="&lt;Wrap /&gt; renders correctly" name="&lt;Wrap /&gt; renders correctly" time="0.012">
    </testcase>
  </testsuite>
  <testsuite name="&lt;GelItem /&gt;" errors="0" failures="0" skipped="0" timestamp="2018-05-24T05:46:08" time="1.293" tests="4">
    <testcase classname="&lt;GelItem /&gt; renders a div by default" name="&lt;GelItem /&gt; renders a div by default" time="0.013">
    </testcase>
    <testcase classname="&lt;GelItem /&gt; renders a gel-layout__item class" name="&lt;GelItem /&gt; renders a gel-layout__item class" time="0.002">
    </testcase>
    <testcase classname="&lt;GelItem /&gt; renders responsive classes" name="&lt;GelItem /&gt; renders responsive classes" time="0.002">
    </testcase>
    <testcase classname="&lt;GelItem /&gt; renders correctly" name="&lt;GelItem /&gt; renders correctly" time="0.01">
    </testcase>
  </testsuite>
</testsuites>