<testsuites name="jest tests" tests="11" failures="0" time="4.254">
  <testsuite name="gridItemAdapter" errors="0" failures="0" skipped="0" timestamp="2018-05-24T05:37:35" time="1.626" tests="1">
    <testcase classname="gridItemAdapter creates grid item classes" name="gridItemAdapter creates grid item classes" time="0.006">
    </testcase>
  </testsuite>
  <testsuite name="&lt;Wrap /&gt;" errors="0" failures="0" skipped="0" timestamp="2018-05-24T05:37:35" time="1.807" tests="3">
    <testcase classname="&lt;Wrap /&gt; renders a div by default" name="&lt;Wrap /&gt; renders a div by default" time="0.01">
    </testcase>
    <testcase classname="&lt;Wrap /&gt; renders a Wrap class" name="&lt;Wrap /&gt; renders a Wrap class" time="0.002">
    </testcase>
    <testcase classname="&lt;Wrap /&gt; renders correctly" name="&lt;Wrap /&gt; renders correctly" time="0.011">
    </testcase>
  </testsuite>
  <testsuite name="&lt;Layout /&gt;" errors="0" failures="0" skipped="0" timestamp="2018-05-24T05:37:35" time="1.792" tests="3">
    <testcase classname="&lt;Layout /&gt; renders a div by default" name="&lt;Layout /&gt; renders a div by default" time="0.011">
    </testcase>
    <testcase classname="&lt;Layout /&gt; renders a Layout class" name="&lt;Layout /&gt; renders a Layout class" time="0.003">
    </testcase>
    <testcase classname="&lt;Layout /&gt; renders correctly" name="&lt;Layout /&gt; renders correctly" time="0.011">
    </testcase>
  </testsuite>
  <testsuite name="&lt;GelItem /&gt;" errors="0" failures="0" skipped="0" timestamp="2018-05-24T05:37:35" time="1.933" tests="4">
    <testcase classname="&lt;GelItem /&gt; renders a div by default" name="&lt;GelItem /&gt; renders a div by default" time="0.014">
    </testcase>
    <testcase classname="&lt;GelItem /&gt; renders a gel-layout__item class" name="&lt;GelItem /&gt; renders a gel-layout__item class" time="0.004">
    </testcase>
    <testcase classname="&lt;GelItem /&gt; renders responsive classes" name="&lt;GelItem /&gt; renders responsive classes" time="0.001">
    </testcase>
    <testcase classname="&lt;GelItem /&gt; renders correctly" name="&lt;GelItem /&gt; renders correctly" time="0.007">
    </testcase>
  </testsuite>
</testsuites>